<?xml version="1.0" encoding="UTF-8"?>
<!-- Generated by org.testng.reporters.JUnitXMLReporter -->
<testsuite hostname="DESKTOP-LG4283L" ignored="0" name="Default test" tests="3" failures="0" timestamp="2020-06-11T20:40:41 IST" time="0.047" errors="0">
  <testcase name="MobileLoginHommeLoan" time="0.0" classname="Test.Day4"/>
  <testcase name="WebLoginHomeLoan" time="0.0" classname="Test.Day4"/>
  <testcase name="APILoginHomeLoan" time="0.0" classname="Test.Day4"/>
</testsuite> <!-- Default test -->
