<?xml version="1.0" encoding="UTF-8"?>
<!-- Generated by org.testng.reporters.JUnitXMLReporter -->
<testsuite hostname="DESKTOP-LG4283L" ignored="0" name="Car Loan" tests="6" failures="0" timestamp="2020-06-05T18:11:09 IST" time="0.049" errors="0">
  <testcase name="APILoginCarLoan" time="0.006" classname="Test.Day3"/>
  <testcase name="MobileLoginCarLoan" time="0.002" classname="Test.Day3"/>
  <testcase name="WebLoginCarLoan" time="0.0" classname="Test.Day3"/>
  <testcase name="APILoginHomeLoan" time="0.001" classname="Test.Day4"/>
  <testcase name="MobileLoginHommeLoan" time="0.0" classname="Test.Day4"/>
  <testcase name="WebLoginHomeLoan" time="0.001" classname="Test.Day4"/>
</testsuite> <!-- Car Loan -->
