<?xml version="1.0" encoding="UTF-8"?>
<!-- Generated by org.testng.reporters.JUnitXMLReporter -->
<testsuite hostname="DESKTOP-LG4283L" ignored="8" name="Regression" tests="3" failures="0" timestamp="2020-06-11T20:33:10 IST" time="0.047" errors="0">
  <testcase name="Demo1" time="0.0" classname="Test.Basic"/>
  <testcase name="WebLoginHomeLoan" time="0.0" classname="Test.Day4"/>
  <testcase name="APILoginCarLoan" time="0.0" classname="Test.Day3"/>
  <testcase name="MobileLoginHommeLoan" time="0.0" classname="Test.Day4">
    <ignored/>
  </testcase> <!-- MobileLoginHommeLoan -->
  <testcase name="Demo2" time="0.0" classname="Test.Day2">
    <ignored/>
  </testcase> <!-- Demo2 -->
  <testcase name="Demo" time="0.0" classname="Test.Basic">
    <ignored/>
  </testcase> <!-- Demo -->
  <testcase name="APILoginHomeLoan" time="0.0" classname="Test.Day4">
    <ignored/>
  </testcase> <!-- APILoginHomeLoan -->
  <testcase name="MobileLoginCarLoan" time="0.0" classname="Test.Day3">
    <ignored/>
  </testcase> <!-- MobileLoginCarLoan -->
  <testcase name="MobileSigninCarLoan" time="0.0" classname="Test.Day3">
    <ignored/>
  </testcase> <!-- MobileSigninCarLoan -->
  <testcase name="WebLoginCarLoan" time="0.0" classname="Test.Day3">
    <ignored/>
  </testcase> <!-- WebLoginCarLoan -->
  <testcase name="MobileSignoutCarLoan" time="0.0" classname="Test.Day3">
    <ignored/>
  </testcase> <!-- MobileSignoutCarLoan -->
</testsuite> <!-- Regression -->
