<?xml version="1.0" encoding="UTF-8"?>
<!-- Generated by org.testng.reporters.JUnitXMLReporter -->
<testsuite hostname="DESKTOP-LG4283L" ignored="3" name="Car Loan" tests="4" failures="0" timestamp="2020-06-13T10:28:44 IST" time="0.044" errors="0">
  <testcase name="APILoginCarLoan" time="0.006" classname="Test.Day3"/>
  <testcase name="WebLoginCarLoan" time="0.0" classname="Test.Day3"/>
  <testcase name="WebLoginCarLoan" time="0.001" classname="Test.Day3"/>
  <testcase name="WebLoginCarLoan" time="0.001" classname="Test.Day3"/>
  <testcase name="MobileLoginCarLoan" time="0.0" classname="Test.Day3">
    <ignored/>
  </testcase> <!-- MobileLoginCarLoan -->
  <testcase name="MobileSigninCarLoan" time="0.0" classname="Test.Day3">
    <ignored/>
  </testcase> <!-- MobileSigninCarLoan -->
  <testcase name="MobileSignoutCarLoan" time="0.0" classname="Test.Day3">
    <ignored/>
  </testcase> <!-- MobileSignoutCarLoan -->
</testsuite> <!-- Car Loan -->
